Analysis & Synthesis report for lab6
Sun Feb 07 09:33:01 2021
Quartus II 64-Bit Version 13.0.1 Build 232 06/12/2013 Service Pack 1 SJ Web Edition


---------------------
; Table of Contents ;
---------------------
  1. Legal Notice
  2. Analysis & Synthesis Summary
  3. Analysis & Synthesis Settings
  4. Parallel Compilation
  5. Analysis & Synthesis Source Files Read
  6. Analysis & Synthesis Resource Usage Summary
  7. Analysis & Synthesis Resource Utilization by Entity
  8. State Machine - |lab6_diagram|stateMachine:inst3|yfsm
  9. Registers Removed During Synthesis
 10. General Register Statistics
 11. Multiplexer Restructuring Statistics (Restructuring Performed)
 12. Elapsed Time Per Partition
 13. Analysis & Synthesis Messages



----------------
; Legal Notice ;
----------------
Copyright (C) 1991-2013 Altera Corporation
Your use of Altera Corporation's design tools, logic functions 
and other software and tools, and its AMPP partner logic 
functions, and any output files from any of the foregoing 
(including device programming or simulation files), and any 
associated documentation or information are expressly subject 
to the terms and conditions of the Altera Program License 
Subscription Agreement, Altera MegaCore Function License 
Agreement, or other applicable license agreement, including, 
without limitation, that your use is for the sole purpose of 
programming logic devices manufactured by Altera and sold by 
Altera or its authorized distributors.  Please refer to the 
applicable agreement for further details.



+--------------------------------------------------------------------------------------+
; Analysis & Synthesis Summary                                                         ;
+------------------------------------+-------------------------------------------------+
; Analysis & Synthesis Status        ; Successful - Sun Feb 07 09:33:01 2021           ;
; Quartus II 64-Bit Version          ; 13.0.1 Build 232 06/12/2013 SP 1 SJ Web Edition ;
; Revision Name                      ; lab6                                            ;
; Top-level Entity Name              ; lab6_diagram                                    ;
; Family                             ; Cyclone II                                      ;
; Total logic elements               ; 73                                              ;
;     Total combinational functions  ; 50                                              ;
;     Dedicated logic registers      ; 33                                              ;
; Total registers                    ; 33                                              ;
; Total pins                         ; 67                                              ;
; Total virtual pins                 ; 0                                               ;
; Total memory bits                  ; 0                                               ;
; Embedded Multiplier 9-bit elements ; 0                                               ;
; Total PLLs                         ; 0                                               ;
+------------------------------------+-------------------------------------------------+


+----------------------------------------------------------------------------------------------------------------------+
; Analysis & Synthesis Settings                                                                                        ;
+----------------------------------------------------------------------------+--------------------+--------------------+
; Option                                                                     ; Setting            ; Default Value      ;
+----------------------------------------------------------------------------+--------------------+--------------------+
; Device                                                                     ; EP2C35F672C6       ;                    ;
; Top-level entity name                                                      ; lab6_diagram       ; lab6               ;
; Family name                                                                ; Cyclone II         ; Cyclone IV GX      ;
; Use smart compilation                                                      ; Off                ; Off                ;
; Enable parallel Assembler and TimeQuest Timing Analyzer during compilation ; On                 ; On                 ;
; Enable compact report table                                                ; Off                ; Off                ;
; Restructure Multiplexers                                                   ; Auto               ; Auto               ;
; Create Debugging Nodes for IP Cores                                        ; Off                ; Off                ;
; Preserve fewer node names                                                  ; On                 ; On                 ;
; Disable OpenCore Plus hardware evaluation                                  ; Off                ; Off                ;
; Verilog Version                                                            ; Verilog_2001       ; Verilog_2001       ;
; VHDL Version                                                               ; VHDL_1993          ; VHDL_1993          ;
; State Machine Processing                                                   ; Auto               ; Auto               ;
; Safe State Machine                                                         ; Off                ; Off                ;
; Extract Verilog State Machines                                             ; On                 ; On                 ;
; Extract VHDL State Machines                                                ; On                 ; On                 ;
; Ignore Verilog initial constructs                                          ; Off                ; Off                ;
; Iteration limit for constant Verilog loops                                 ; 5000               ; 5000               ;
; Iteration limit for non-constant Verilog loops                             ; 250                ; 250                ;
; Add Pass-Through Logic to Inferred RAMs                                    ; On                 ; On                 ;
; Infer RAMs from Raw Logic                                                  ; On                 ; On                 ;
; Parallel Synthesis                                                         ; On                 ; On                 ;
; DSP Block Balancing                                                        ; Auto               ; Auto               ;
; NOT Gate Push-Back                                                         ; On                 ; On                 ;
; Power-Up Don't Care                                                        ; On                 ; On                 ;
; Remove Redundant Logic Cells                                               ; Off                ; Off                ;
; Remove Duplicate Registers                                                 ; On                 ; On                 ;
; Ignore CARRY Buffers                                                       ; Off                ; Off                ;
; Ignore CASCADE Buffers                                                     ; Off                ; Off                ;
; Ignore GLOBAL Buffers                                                      ; Off                ; Off                ;
; Ignore ROW GLOBAL Buffers                                                  ; Off                ; Off                ;
; Ignore LCELL Buffers                                                       ; Off                ; Off                ;
; Ignore SOFT Buffers                                                        ; On                 ; On                 ;
; Limit AHDL Integers to 32 Bits                                             ; Off                ; Off                ;
; Optimization Technique                                                     ; Balanced           ; Balanced           ;
; Carry Chain Length                                                         ; 70                 ; 70                 ;
; Auto Carry Chains                                                          ; On                 ; On                 ;
; Auto Open-Drain Pins                                                       ; On                 ; On                 ;
; Perform WYSIWYG Primitive Resynthesis                                      ; Off                ; Off                ;
; Auto ROM Replacement                                                       ; On                 ; On                 ;
; Auto RAM Replacement                                                       ; On                 ; On                 ;
; Auto Shift Register Replacement                                            ; Auto               ; Auto               ;
; Allow Shift Register Merging across Hierarchies                            ; Auto               ; Auto               ;
; Auto Clock Enable Replacement                                              ; On                 ; On                 ;
; Strict RAM Replacement                                                     ; Off                ; Off                ;
; Allow Synchronous Control Signals                                          ; On                 ; On                 ;
; Force Use of Synchronous Clear Signals                                     ; Off                ; Off                ;
; Auto RAM to Logic Cell Conversion                                          ; Off                ; Off                ;
; Auto Resource Sharing                                                      ; Off                ; Off                ;
; Allow Any RAM Size For Recognition                                         ; Off                ; Off                ;
; Allow Any ROM Size For Recognition                                         ; Off                ; Off                ;
; Allow Any Shift Register Size For Recognition                              ; Off                ; Off                ;
; Use LogicLock Constraints during Resource Balancing                        ; On                 ; On                 ;
; Ignore translate_off and synthesis_off directives                          ; Off                ; Off                ;
; Timing-Driven Synthesis                                                    ; Off                ; Off                ;
; Report Parameter Settings                                                  ; On                 ; On                 ;
; Report Source Assignments                                                  ; On                 ; On                 ;
; Report Connectivity Checks                                                 ; On                 ; On                 ;
; Ignore Maximum Fan-Out Assignments                                         ; Off                ; Off                ;
; Synchronization Register Chain Length                                      ; 2                  ; 2                  ;
; PowerPlay Power Optimization                                               ; Normal compilation ; Normal compilation ;
; HDL message level                                                          ; Level2             ; Level2             ;
; Suppress Register Optimization Related Messages                            ; Off                ; Off                ;
; Number of Removed Registers Reported in Synthesis Report                   ; 5000               ; 5000               ;
; Number of Swept Nodes Reported in Synthesis Report                         ; 5000               ; 5000               ;
; Number of Inverted Registers Reported in Synthesis Report                  ; 100                ; 100                ;
; Clock MUX Protection                                                       ; On                 ; On                 ;
; Auto Gated Clock Conversion                                                ; Off                ; Off                ;
; Block Design Naming                                                        ; Auto               ; Auto               ;
; SDC constraint protection                                                  ; Off                ; Off                ;
; Synthesis Effort                                                           ; Auto               ; Auto               ;
; Shift Register Replacement - Allow Asynchronous Clear Signal               ; On                 ; On                 ;
; Pre-Mapping Resynthesis Optimization                                       ; Off                ; Off                ;
; Analysis & Synthesis Message Level                                         ; Medium             ; Medium             ;
; Disable Register Merging Across Hierarchies                                ; Auto               ; Auto               ;
; Resource Aware Inference For Block RAM                                     ; On                 ; On                 ;
; Synthesis Seed                                                             ; 1                  ; 1                  ;
+----------------------------------------------------------------------------+--------------------+--------------------+


Parallel compilation was disabled, but you have multiple processors available. Enable parallel compilation to reduce compilation time.
+-------------------------------------+
; Parallel Compilation                ;
+----------------------------+--------+
; Processors                 ; Number ;
+----------------------------+--------+
; Number detected on machine ; 16     ;
; Maximum allowed            ; 1      ;
+----------------------------+--------+


+--------------------------------------------------------------------------------------------------------------------------------------------------------------------------------------------+
; Analysis & Synthesis Source Files Read                                                                                                                                                     ;
+----------------------------------+-----------------+------------------------------------+----------------------------------------------------------------------------------------+---------+
; File Name with User-Entered Path ; Used in Netlist ; File Type                          ; File Name with Absolute Path                                                           ; Library ;
+----------------------------------+-----------------+------------------------------------+----------------------------------------------------------------------------------------+---------+
; latch1.vhd                       ; yes             ; User VHDL File                     ; E:/Tamim/1. University/Ryerson/Courses/Y2SEM1/Y2SEM1/COE328/Lab6/lab6/latch1.vhd       ;         ;
; latch2.vhd                       ; yes             ; User VHDL File                     ; E:/Tamim/1. University/Ryerson/Courses/Y2SEM1/Y2SEM1/COE328/Lab6/lab6/latch2.vhd       ;         ;
; stateMachine.vhd                 ; yes             ; User VHDL File                     ; E:/Tamim/1. University/Ryerson/Courses/Y2SEM1/Y2SEM1/COE328/Lab6/lab6/stateMachine.vhd ;         ;
; decoder3to8.vhd                  ; yes             ; User VHDL File                     ; E:/Tamim/1. University/Ryerson/Courses/Y2SEM1/Y2SEM1/COE328/Lab6/lab6/decoder3to8.vhd  ;         ;
; decoder4to16.vhd                 ; yes             ; User VHDL File                     ; E:/Tamim/1. University/Ryerson/Courses/Y2SEM1/Y2SEM1/COE328/Lab6/lab6/decoder4to16.vhd ;         ;
; ALU.vhd                          ; yes             ; User VHDL File                     ; E:/Tamim/1. University/Ryerson/Courses/Y2SEM1/Y2SEM1/COE328/Lab6/lab6/ALU.vhd          ;         ;
; sseg.vhd                         ; yes             ; User VHDL File                     ; E:/Tamim/1. University/Ryerson/Courses/Y2SEM1/Y2SEM1/COE328/Lab6/lab6/sseg.vhd         ;         ;
; lab6_diagram.bdf                 ; yes             ; User Block Diagram/Schematic File  ; E:/Tamim/1. University/Ryerson/Courses/Y2SEM1/Y2SEM1/COE328/Lab6/lab6/lab6_diagram.bdf ;         ;
+----------------------------------+-----------------+------------------------------------+----------------------------------------------------------------------------------------+---------+


+-----------------------------------------------------+
; Analysis & Synthesis Resource Usage Summary         ;
+---------------------------------------------+-------+
; Resource                                    ; Usage ;
+---------------------------------------------+-------+
; Estimated Total logic elements              ; 73    ;
;                                             ;       ;
; Total combinational functions               ; 50    ;
; Logic element usage by number of LUT inputs ;       ;
;     -- 4 input functions                    ; 35    ;
;     -- 3 input functions                    ; 8     ;
;     -- <=2 input functions                  ; 7     ;
;                                             ;       ;
; Logic elements by mode                      ;       ;
;     -- normal mode                          ; 50    ;
;     -- arithmetic mode                      ; 0     ;
;                                             ;       ;
; Total registers                             ; 33    ;
;     -- Dedicated logic registers            ; 33    ;
;     -- I/O registers                        ; 0     ;
;                                             ;       ;
; I/O pins                                    ; 67    ;
; Embedded Multiplier 9-bit elements          ; 0     ;
; Maximum fan-out node                        ; clock ;
; Maximum fan-out                             ; 33    ;
; Total fan-out                               ; 312   ;
; Average fan-out                             ; 2.08  ;
+---------------------------------------------+-------+


+-----------------------------------------------------------------------------------------------------------------------------------------------------------------------------------------------------------+
; Analysis & Synthesis Resource Utilization by Entity                                                                                                                                                       ;
+----------------------------+-------------------+--------------+-------------+--------------+---------+-----------+------+--------------+---------------------------------------------------+--------------+
; Compilation Hierarchy Node ; LC Combinationals ; LC Registers ; Memory Bits ; DSP Elements ; DSP 9x9 ; DSP 18x18 ; Pins ; Virtual Pins ; Full Hierarchy Name                               ; Library Name ;
+----------------------------+-------------------+--------------+-------------+--------------+---------+-----------+------+--------------+---------------------------------------------------+--------------+
; |lab6_diagram              ; 50 (0)            ; 33 (0)       ; 0           ; 0            ; 0       ; 0         ; 67   ; 0            ; |lab6_diagram                                     ; work         ;
;    |ALU:inst2|             ; 12 (12)           ; 8 (8)        ; 0           ; 0            ; 0       ; 0         ; 0    ; 0            ; |lab6_diagram|ALU:inst2                           ; work         ;
;    |decoder4to16:inst4|    ; 10 (2)            ; 0 (0)        ; 0           ; 0            ; 0       ; 0         ; 0    ; 0            ; |lab6_diagram|decoder4to16:inst4                  ; work         ;
;       |decoder3to8:Dec1|   ; 8 (8)             ; 0 (0)        ; 0           ; 0            ; 0       ; 0         ; 0    ; 0            ; |lab6_diagram|decoder4to16:inst4|decoder3to8:Dec1 ; work         ;
;    |latch1:inst0|          ; 0 (0)             ; 8 (8)        ; 0           ; 0            ; 0       ; 0         ; 0    ; 0            ; |lab6_diagram|latch1:inst0                        ; work         ;
;    |latch2:inst1|          ; 0 (0)             ; 8 (8)        ; 0           ; 0            ; 0       ; 0         ; 0    ; 0            ; |lab6_diagram|latch2:inst1                        ; work         ;
;    |sseg:inst5|            ; 6 (6)             ; 0 (0)        ; 0           ; 0            ; 0       ; 0         ; 0    ; 0            ; |lab6_diagram|sseg:inst5                          ; work         ;
;    |sseg:inst6|            ; 7 (7)             ; 0 (0)        ; 0           ; 0            ; 0       ; 0         ; 0    ; 0            ; |lab6_diagram|sseg:inst6                          ; work         ;
;    |sseg:inst7|            ; 7 (7)             ; 0 (0)        ; 0           ; 0            ; 0       ; 0         ; 0    ; 0            ; |lab6_diagram|sseg:inst7                          ; work         ;
;    |stateMachine:inst3|    ; 8 (8)             ; 9 (9)        ; 0           ; 0            ; 0       ; 0         ; 0    ; 0            ; |lab6_diagram|stateMachine:inst3                  ; work         ;
+----------------------------+-------------------+--------------+-------------+--------------+---------+-----------+------+--------------+---------------------------------------------------+--------------+
Note: For table entries with two numbers listed, the numbers in parentheses indicate the number of resources of the given type used by the specific entity alone. The numbers listed outside of parentheses indicate the total resources of the given type used by the specific entity and all of its sub-entities in the hierarchy.


Encoding Type:  One-Hot
+---------------------------------------------------------------------------------------------------+
; State Machine - |lab6_diagram|stateMachine:inst3|yfsm                                             ;
+---------+---------+---------+---------+---------+---------+---------+---------+---------+---------+
; Name    ; yfsm.s8 ; yfsm.s7 ; yfsm.s6 ; yfsm.s5 ; yfsm.s4 ; yfsm.s3 ; yfsm.s2 ; yfsm.s1 ; yfsm.s0 ;
+---------+---------+---------+---------+---------+---------+---------+---------+---------+---------+
; yfsm.s0 ; 0       ; 0       ; 0       ; 0       ; 0       ; 0       ; 0       ; 0       ; 0       ;
; yfsm.s1 ; 0       ; 0       ; 0       ; 0       ; 0       ; 0       ; 0       ; 1       ; 1       ;
; yfsm.s2 ; 0       ; 0       ; 0       ; 0       ; 0       ; 0       ; 1       ; 0       ; 1       ;
; yfsm.s3 ; 0       ; 0       ; 0       ; 0       ; 0       ; 1       ; 0       ; 0       ; 1       ;
; yfsm.s4 ; 0       ; 0       ; 0       ; 0       ; 1       ; 0       ; 0       ; 0       ; 1       ;
; yfsm.s5 ; 0       ; 0       ; 0       ; 1       ; 0       ; 0       ; 0       ; 0       ; 1       ;
; yfsm.s6 ; 0       ; 0       ; 1       ; 0       ; 0       ; 0       ; 0       ; 0       ; 1       ;
; yfsm.s7 ; 0       ; 1       ; 0       ; 0       ; 0       ; 0       ; 0       ; 0       ; 1       ;
; yfsm.s8 ; 1       ; 0       ; 0       ; 0       ; 0       ; 0       ; 0       ; 0       ; 1       ;
+---------+---------+---------+---------+---------+---------+---------+---------+---------+---------+


+--------------------------------------------------------------------------------+
; Registers Removed During Synthesis                                             ;
+---------------------------------------+----------------------------------------+
; Register name                         ; Reason for Removal                     ;
+---------------------------------------+----------------------------------------+
; ALU:inst2|Neg                         ; Stuck at GND due to stuck port data_in ;
; Total Number of Removed Registers = 1 ;                                        ;
+---------------------------------------+----------------------------------------+


+------------------------------------------------------+
; General Register Statistics                          ;
+----------------------------------------------+-------+
; Statistic                                    ; Value ;
+----------------------------------------------+-------+
; Total registers                              ; 33    ;
; Number of registers using Synchronous Clear  ; 0     ;
; Number of registers using Synchronous Load   ; 0     ;
; Number of registers using Asynchronous Clear ; 25    ;
; Number of registers using Asynchronous Load  ; 0     ;
; Number of registers using Clock Enable       ; 16    ;
; Number of registers using Preset             ; 0     ;
+----------------------------------------------+-------+


+-------------------------------------------------------------------------------------------------------------------------------------------------+
; Multiplexer Restructuring Statistics (Restructuring Performed)                                                                                  ;
+--------------------+-----------+---------------+----------------------+------------------------+------------+-----------------------------------+
; Multiplexer Inputs ; Bus Width ; Baseline Area ; Area if Restructured ; Saving if Restructured ; Registered ; Example Multiplexer Output        ;
+--------------------+-----------+---------------+----------------------+------------------------+------------+-----------------------------------+
; 126:1              ; 7 bits    ; 588 LEs       ; 42 LEs               ; 546 LEs                ; Yes        ; |lab6_diagram|ALU:inst2|Result[3] ;
+--------------------+-----------+---------------+----------------------+------------------------+------------+-----------------------------------+


+-------------------------------+
; Elapsed Time Per Partition    ;
+----------------+--------------+
; Partition Name ; Elapsed Time ;
+----------------+--------------+
; Top            ; 00:00:00     ;
+----------------+--------------+


+-------------------------------+
; Analysis & Synthesis Messages ;
+-------------------------------+
Info: *******************************************************************
Info: Running Quartus II 64-Bit Analysis & Synthesis
    Info: Version 13.0.1 Build 232 06/12/2013 Service Pack 1 SJ Web Edition
    Info: Processing started: Sun Feb 07 09:32:58 2021
Info: Command: quartus_map --read_settings_files=on --write_settings_files=off lab6 -c lab6
Warning (20028): Parallel compilation is not licensed and has been disabled
Info (12021): Found 1 design units, including 1 entities, in source file lab6_diagram2.bdf
    Info (12023): Found entity 1: lab6_diagram2
Info (12021): Found 2 design units, including 1 entities, in source file latch1.vhd
    Info (12022): Found design unit 1: latch1-Behavior
    Info (12023): Found entity 1: latch1
Info (12021): Found 2 design units, including 1 entities, in source file latch2.vhd
    Info (12022): Found design unit 1: latch2-Behavior
    Info (12023): Found entity 1: latch2
Info (12021): Found 2 design units, including 1 entities, in source file statemachine.vhd
    Info (12022): Found design unit 1: stateMachine-fsm
    Info (12023): Found entity 1: stateMachine
Info (12021): Found 3 design units, including 1 entities, in source file decoder3to8.vhd
    Info (12022): Found design unit 1: decoder3to8-Behavior
    Info (12022): Found design unit 2: decoder3to8_package
    Info (12023): Found entity 1: decoder3to8
Info (12021): Found 2 design units, including 1 entities, in source file decoder4to16.vhd
    Info (12022): Found design unit 1: decoder4to16-Structure
    Info (12023): Found entity 1: decoder4to16
Info (12021): Found 2 design units, including 1 entities, in source file alu.vhd
    Info (12022): Found design unit 1: ALU-calculation
    Info (12023): Found entity 1: ALU
Info (12021): Found 2 design units, including 1 entities, in source file sseg.vhd
    Info (12022): Found design unit 1: sseg-Behaviour
    Info (12023): Found entity 1: sseg
Info (12021): Found 1 design units, including 1 entities, in source file lab6_diagram.bdf
    Info (12023): Found entity 1: lab6_diagram
Info (12021): Found 2 design units, including 1 entities, in source file alu2.vhd
    Info (12022): Found design unit 1: ALU2-calculation
    Info (12023): Found entity 1: ALU2
Info (12021): Found 2 design units, including 1 entities, in source file statemachine3.vhd
    Info (12022): Found design unit 1: stateMachine3-fsm
    Info (12023): Found entity 1: stateMachine3
Info (12021): Found 2 design units, including 1 entities, in source file ssegmodified3.vhd
    Info (12022): Found design unit 1: ssegModified3-Behaviour
    Info (12023): Found entity 1: ssegModified3
Info (12021): Found 1 design units, including 1 entities, in source file lab6_diagram3.bdf
    Info (12023): Found entity 1: lab6_diagram3
Info (12021): Found 2 design units, including 1 entities, in source file alu3.vhd
    Info (12022): Found design unit 1: ALU3-calculation
    Info (12023): Found entity 1: ALU3
Info (12127): Elaborating entity "lab6_diagram" for the top level hierarchy
Warning (275008): Primitive "GND" of instance "inst14" not used
Warning (275008): Primitive "GND" of instance "inst15" not used
Info (12128): Elaborating entity "ALU" for hierarchy "ALU:inst2"
Info (12128): Elaborating entity "latch1" for hierarchy "latch1:inst0"
Info (12128): Elaborating entity "latch2" for hierarchy "latch2:inst1"
Info (12128): Elaborating entity "decoder4to16" for hierarchy "decoder4to16:inst4"
Info (12128): Elaborating entity "decoder3to8" for hierarchy "decoder4to16:inst4|decoder3to8:Dec1"
Info (12128): Elaborating entity "stateMachine" for hierarchy "stateMachine:inst3"
Info (12128): Elaborating entity "sseg" for hierarchy "sseg:inst7"
Warning (10631): VHDL Process Statement warning at sseg.vhd(12): inferring latch(es) for signal or variable "ledss", which holds its previous value in one or more paths through the process
Warning (13024): Output pins are stuck at VCC or GND
    Warning (13410): Pin "sign" is stuck at GND
    Warning (13410): Pin "neg[1]" is stuck at GND
    Warning (13410): Pin "neg[2]" is stuck at GND
    Warning (13410): Pin "neg[3]" is stuck at GND
    Warning (13410): Pin "neg[4]" is stuck at GND
    Warning (13410): Pin "neg[5]" is stuck at GND
    Warning (13410): Pin "neg[6]" is stuck at GND
    Warning (13410): Pin "neg[7]" is stuck at GND
    Warning (13410): Pin "OP[6]" is stuck at GND
    Warning (13410): Pin "OP[5]" is stuck at GND
    Warning (13410): Pin "OP[4]" is stuck at GND
    Warning (13410): Pin "OP[3]" is stuck at GND
    Warning (13410): Pin "OP[2]" is stuck at GND
    Warning (13410): Pin "OP[1]" is stuck at GND
    Warning (13410): Pin "OP[0]" is stuck at GND
    Warning (13410): Pin "state[2]" is stuck at VCC
Info (16010): Generating hard_block partition "hard_block:auto_generated_inst"
    Info (16011): Adding 0 node(s), including 0 DDIO, 0 PLL, 0 transceiver and 0 LCELL
Info (21057): Implemented 140 device resources after synthesis - the final resource count might be different
    Info (21058): Implemented 22 input pins
    Info (21059): Implemented 45 output pins
    Info (21061): Implemented 73 logic cells
Info: Quartus II 64-Bit Analysis & Synthesis was successful. 0 errors, 21 warnings
    Info: Peak virtual memory: 4636 megabytes
    Info: Processing ended: Sun Feb 07 09:33:01 2021
    Info: Elapsed time: 00:00:03
    Info: Total CPU time (on all processors): 00:00:01


